app/build/intermediates/manifest_merge_blame_file/debug/manifest-merger-blame-debug-report.txt
1<?xml version="1.0" encoding="utf-8"?>
2<manifest xmlns:android="http://schemas.android.com/apk/res/android"
3    package="com.example.ca2mfusion"
4    android:versionCode="1"
5    android:versionName="1.0" >
6
7    <uses-sdk
8        android:minSdkVersion="21"
8-->src\main\AndroidManifest.xml
9        android:targetSdkVersion="29" />
9-->src\main\AndroidManifest.xml
10
11    <uses-permission android:name="android.permission.WAKE_LOCK" />
11-->[androidx.work:work-runtime:2.2.0] AndroidManifest.xml:25:5-68
11-->[androidx.work:work-runtime:2.2.0] AndroidManifest.xml:25:22-65
12    <uses-permission android:name="android.permission.ACCESS_NETWORK_STATE" />
12-->[androidx.work:work-runtime:2.2.0] AndroidManifest.xml:26:5-79
12-->[androidx.work:work-runtime:2.2.0] AndroidManifest.xml:26:22-76
13    <uses-permission android:name="android.permission.RECEIVE_BOOT_COMPLETED" />
13-->[androidx.work:work-runtime:2.2.0] AndroidManifest.xml:27:5-81
13-->[androidx.work:work-runtime:2.2.0] AndroidManifest.xml:27:22-78
14
15    <application
15-->src\main\AndroidManifest.xml:6:5-36:19
16        android:name="com.example.ca2mfusion.FoodApplication"
16-->src\main\AndroidManifest.xml:7:9-62
17        android:allowBackup="false"
17-->src\main\AndroidManifest.xml:8:9-36
18        android:appComponentFactory="androidx.core.app.CoreComponentFactory"
18-->[androidx.core:core:1.1.0] AndroidManifest.xml:24:18-86
19        android:debuggable="true"
20        android:icon="@mipmap/ic_launcher"
20-->src\main\AndroidManifest.xml:9:9-43
21        android:label="@string/app_name"
21-->src\main\AndroidManifest.xml:10:9-41
22        android:roundIcon="@mipmap/ic_launcher_round"
22-->src\main\AndroidManifest.xml:11:9-54
23        android:supportsRtl="true"
23-->src\main\AndroidManifest.xml:12:9-35
24        android:theme="@style/AppTheme" >
24-->src\main\AndroidManifest.xml:13:9-40
25        <activity
25-->src\main\AndroidManifest.xml:14:9-23:20
26            android:name="com.example.ca2mfusion.ui.option.OptionActivity"
26-->src\main\AndroidManifest.xml:15:13-75
27            android:screenOrientation="portrait" >
27-->src\main\AndroidManifest.xml:16:13-49
28            <intent-filter>
28-->src\main\AndroidManifest.xml:18:13-22:29
29                <action android:name="android.intent.action.MAIN" />
29-->src\main\AndroidManifest.xml:19:17-69
29-->src\main\AndroidManifest.xml:19:25-66
30
31                <category android:name="android.intent.category.LAUNCHER" />
31-->src\main\AndroidManifest.xml:21:17-77
31-->src\main\AndroidManifest.xml:21:27-74
32            </intent-filter>
33        </activity>
34        <activity
34-->src\main\AndroidManifest.xml:24:9-27:65
35            android:name="com.example.ca2mfusion.ui.main.MainActivity"
35-->src\main\AndroidManifest.xml:25:13-71
36            android:screenOrientation="portrait" />
36-->src\main\AndroidManifest.xml:26:13-49
37        <activity
37-->src\main\AndroidManifest.xml:28:9-31:56
38            android:name="com.example.ca2mfusion.ui.cart.CartActivity"
38-->src\main\AndroidManifest.xml:29:13-71
39            android:screenOrientation="portrait" />
39-->src\main\AndroidManifest.xml:30:13-49
40
41        <meta-data
41-->src\main\AndroidManifest.xml:33:9-35:57
42            android:name="preloaded_fonts"
42-->src\main\AndroidManifest.xml:34:13-43
43            android:resource="@array/preloaded_fonts" />
43-->src\main\AndroidManifest.xml:35:13-54
44
45        <provider
45-->[androidx.work:work-runtime:2.2.0] AndroidManifest.xml:30:9-36:35
46            android:name="androidx.work.impl.WorkManagerInitializer"
46-->[androidx.work:work-runtime:2.2.0] AndroidManifest.xml:31:13-69
47            android:authorities="com.example.ca2mfusion.workmanager-init"
47-->[androidx.work:work-runtime:2.2.0] AndroidManifest.xml:32:13-68
48            android:directBootAware="false"
48-->[androidx.work:work-runtime:2.2.0] AndroidManifest.xml:33:13-44
49            android:exported="false"
49-->[androidx.work:work-runtime:2.2.0] AndroidManifest.xml:34:13-37
50            android:multiprocess="true" />
50-->[androidx.work:work-runtime:2.2.0] AndroidManifest.xml:35:13-40
51
52        <service
52-->[androidx.work:work-runtime:2.2.0] AndroidManifest.xml:38:9-43:35
53            android:name="androidx.work.impl.background.systemalarm.SystemAlarmService"
53-->[androidx.work:work-runtime:2.2.0] AndroidManifest.xml:39:13-88
54            android:directBootAware="false"
54-->[androidx.work:work-runtime:2.2.0] AndroidManifest.xml:40:13-44
55            android:enabled="@bool/enable_system_alarm_service_default"
55-->[androidx.work:work-runtime:2.2.0] AndroidManifest.xml:41:13-72
56            android:exported="false" />
56-->[androidx.work:work-runtime:2.2.0] AndroidManifest.xml:42:13-37
57        <service
57-->[androidx.work:work-runtime:2.2.0] AndroidManifest.xml:44:9-50:35
58            android:name="androidx.work.impl.background.systemjob.SystemJobService"
58-->[androidx.work:work-runtime:2.2.0] AndroidManifest.xml:45:13-84
59            android:directBootAware="false"
59-->[androidx.work:work-runtime:2.2.0] AndroidManifest.xml:46:13-44
60            android:enabled="@bool/enable_system_job_service_default"
60-->[androidx.work:work-runtime:2.2.0] AndroidManifest.xml:47:13-70
61            android:exported="true"
61-->[androidx.work:work-runtime:2.2.0] AndroidManifest.xml:48:13-36
62            android:permission="android.permission.BIND_JOB_SERVICE" />
62-->[androidx.work:work-runtime:2.2.0] AndroidManifest.xml:49:13-69
63
64        <receiver
64-->[androidx.work:work-runtime:2.2.0] AndroidManifest.xml:52:9-57:35
65            android:name="androidx.work.impl.utils.ForceStopRunnable$BroadcastReceiver"
65-->[androidx.work:work-runtime:2.2.0] AndroidManifest.xml:53:13-88
66            android:directBootAware="false"
66-->[androidx.work:work-runtime:2.2.0] AndroidManifest.xml:54:13-44
67            android:enabled="true"
67-->[androidx.work:work-runtime:2.2.0] AndroidManifest.xml:55:13-35
68            android:exported="false" />
68-->[androidx.work:work-runtime:2.2.0] AndroidManifest.xml:56:13-37
69        <receiver
69-->[androidx.work:work-runtime:2.2.0] AndroidManifest.xml:58:9-68:20
70            android:name="androidx.work.impl.background.systemalarm.ConstraintProxy$BatteryChargingProxy"
70-->[androidx.work:work-runtime:2.2.0] AndroidManifest.xml:59:13-106
71            android:directBootAware="false"
71-->[androidx.work:work-runtime:2.2.0] AndroidManifest.xml:60:13-44
72            android:enabled="false"
72-->[androidx.work:work-runtime:2.2.0] AndroidManifest.xml:61:13-36
73            android:exported="false" >
73-->[androidx.work:work-runtime:2.2.0] AndroidManifest.xml:62:13-37
74            <intent-filter>
74-->[androidx.work:work-runtime:2.2.0] AndroidManifest.xml:64:13-67:29
75                <action android:name="android.intent.action.ACTION_POWER_CONNECTED" />
75-->[androidx.work:work-runtime:2.2.0] AndroidManifest.xml:65:17-87
75-->[androidx.work:work-runtime:2.2.0] AndroidManifest.xml:65:25-84
76                <action android:name="android.intent.action.ACTION_POWER_DISCONNECTED" />
76-->[androidx.work:work-runtime:2.2.0] AndroidManifest.xml:66:17-90
76-->[androidx.work:work-runtime:2.2.0] AndroidManifest.xml:66:25-87
77            </intent-filter>
78        </receiver>
79        <receiver
79-->[androidx.work:work-runtime:2.2.0] AndroidManifest.xml:69:9-79:20
80            android:name="androidx.work.impl.background.systemalarm.ConstraintProxy$BatteryNotLowProxy"
80-->[androidx.work:work-runtime:2.2.0] AndroidManifest.xml:70:13-104
81            android:directBootAware="false"
81-->[androidx.work:work-runtime:2.2.0] AndroidManifest.xml:71:13-44
82            android:enabled="false"
82-->[androidx.work:work-runtime:2.2.0] AndroidManifest.xml:72:13-36
83            android:exported="false" >
83-->[androidx.work:work-runtime:2.2.0] AndroidManifest.xml:73:13-37
84            <intent-filter>
84-->[androidx.work:work-runtime:2.2.0] AndroidManifest.xml:75:13-78:29
85                <action android:name="android.intent.action.BATTERY_OKAY" />
85-->[androidx.work:work-runtime:2.2.0] AndroidManifest.xml:76:17-77
85-->[androidx.work:work-runtime:2.2.0] AndroidManifest.xml:76:25-74
86                <action android:name="android.intent.action.BATTERY_LOW" />
86-->[androidx.work:work-runtime:2.2.0] AndroidManifest.xml:77:17-76
86-->[androidx.work:work-runtime:2.2.0] AndroidManifest.xml:77:25-73
87            </intent-filter>
88        </receiver>
89        <receiver
89-->[androidx.work:work-runtime:2.2.0] AndroidManifest.xml:80:9-90:20
90            android:name="androidx.work.impl.background.systemalarm.ConstraintProxy$StorageNotLowProxy"
90-->[androidx.work:work-runtime:2.2.0] AndroidManifest.xml:81:13-104
91            android:directBootAware="false"
91-->[androidx.work:work-runtime:2.2.0] AndroidManifest.xml:82:13-44
92            android:enabled="false"
92-->[androidx.work:work-runtime:2.2.0] AndroidManifest.xml:83:13-36
93            android:exported="false" >
93-->[androidx.work:work-runtime:2.2.0] AndroidManifest.xml:84:13-37
94            <intent-filter>
94-->[androidx.work:work-runtime:2.2.0] AndroidManifest.xml:86:13-89:29
95                <action android:name="android.intent.action.DEVICE_STORAGE_LOW" />
95-->[androidx.work:work-runtime:2.2.0] AndroidManifest.xml:87:17-83
95-->[androidx.work:work-runtime:2.2.0] AndroidManifest.xml:87:25-80
96                <action android:name="android.intent.action.DEVICE_STORAGE_OK" />
96-->[androidx.work:work-runtime:2.2.0] AndroidManifest.xml:88:17-82
96-->[androidx.work:work-runtime:2.2.0] AndroidManifest.xml:88:25-79
97            </intent-filter>
98        </receiver>
99        <receiver
99-->[androidx.work:work-runtime:2.2.0] AndroidManifest.xml:91:9-100:20
100            android:name="androidx.work.impl.background.systemalarm.ConstraintProxy$NetworkStateProxy"
100-->[androidx.work:work-runtime:2.2.0] AndroidManifest.xml:92:13-103
101            android:directBootAware="false"
101-->[androidx.work:work-runtime:2.2.0] AndroidManifest.xml:93:13-44
102            android:enabled="false"
102-->[androidx.work:work-runtime:2.2.0] AndroidManifest.xml:94:13-36
103            android:exported="false" >
103-->[androidx.work:work-runtime:2.2.0] AndroidManifest.xml:95:13-37
104            <intent-filter>
104-->[androidx.work:work-runtime:2.2.0] AndroidManifest.xml:97:13-99:29
105                <action android:name="android.net.conn.CONNECTIVITY_CHANGE" />
105-->[androidx.work:work-runtime:2.2.0] AndroidManifest.xml:98:17-79
105-->[androidx.work:work-runtime:2.2.0] AndroidManifest.xml:98:25-76
106            </intent-filter>
107        </receiver>
108        <receiver
108-->[androidx.work:work-runtime:2.2.0] AndroidManifest.xml:101:9-112:20
109            android:name="androidx.work.impl.background.systemalarm.RescheduleReceiver"
109-->[androidx.work:work-runtime:2.2.0] AndroidManifest.xml:102:13-88
110            android:directBootAware="false"
110-->[androidx.work:work-runtime:2.2.0] AndroidManifest.xml:103:13-44
111            android:enabled="false"
111-->[androidx.work:work-runtime:2.2.0] AndroidManifest.xml:104:13-36
112            android:exported="false" >
112-->[androidx.work:work-runtime:2.2.0] AndroidManifest.xml:105:13-37
113            <intent-filter>
113-->[androidx.work:work-runtime:2.2.0] AndroidManifest.xml:107:13-111:29
114                <action android:name="android.intent.action.BOOT_COMPLETED" />
114-->[androidx.work:work-runtime:2.2.0] AndroidManifest.xml:108:17-79
114-->[androidx.work:work-runtime:2.2.0] AndroidManifest.xml:108:25-76
115                <action android:name="android.intent.action.TIME_SET" />
115-->[androidx.work:work-runtime:2.2.0] AndroidManifest.xml:109:17-73
115-->[androidx.work:work-runtime:2.2.0] AndroidManifest.xml:109:25-70
116                <action android:name="android.intent.action.TIMEZONE_CHANGED" />
116-->[androidx.work:work-runtime:2.2.0] AndroidManifest.xml:110:17-81
116-->[androidx.work:work-runtime:2.2.0] AndroidManifest.xml:110:25-78
117            </intent-filter>
118        </receiver>
119        <receiver
119-->[androidx.work:work-runtime:2.2.0] AndroidManifest.xml:113:9-122:20
120            android:name="androidx.work.impl.background.systemalarm.ConstraintProxyUpdateReceiver"
120-->[androidx.work:work-runtime:2.2.0] AndroidManifest.xml:114:13-99
121            android:directBootAware="false"
121-->[androidx.work:work-runtime:2.2.0] AndroidManifest.xml:115:13-44
122            android:enabled="@bool/enable_system_alarm_service_default"
122-->[androidx.work:work-runtime:2.2.0] AndroidManifest.xml:116:13-72
123            android:exported="false" >
123-->[androidx.work:work-runtime:2.2.0] AndroidManifest.xml:117:13-37
124            <intent-filter>
124-->[androidx.work:work-runtime:2.2.0] AndroidManifest.xml:119:13-121:29
125                <action android:name="androidx.work.impl.background.systemalarm.UpdateProxies" />
125-->[androidx.work:work-runtime:2.2.0] AndroidManifest.xml:120:17-98
125-->[androidx.work:work-runtime:2.2.0] AndroidManifest.xml:120:25-95
126            </intent-filter>
127        </receiver>
128
129        <service
129-->[androidx.room:room-runtime:2.2.3] AndroidManifest.xml:25:9-27:40
130            android:name="androidx.room.MultiInstanceInvalidationService"
130-->[androidx.room:room-runtime:2.2.3] AndroidManifest.xml:26:13-74
131            android:exported="false" />
131-->[androidx.room:room-runtime:2.2.3] AndroidManifest.xml:27:13-37
132
133        <provider
133-->[androidx.lifecycle:lifecycle-process:2.2.0] AndroidManifest.xml:25:9-29:43
134            android:name="androidx.lifecycle.ProcessLifecycleOwnerInitializer"
134-->[androidx.lifecycle:lifecycle-process:2.2.0] AndroidManifest.xml:26:13-79
135            android:authorities="com.example.ca2mfusion.lifecycle-process"
135-->[androidx.lifecycle:lifecycle-process:2.2.0] AndroidManifest.xml:27:13-69
136            android:exported="false"
136-->[androidx.lifecycle:lifecycle-process:2.2.0] AndroidManifest.xml:28:13-37
137            android:multiprocess="true" />
137-->[androidx.lifecycle:lifecycle-process:2.2.0] AndroidManifest.xml:29:13-40
138    </application>
139
140</manifest>